# JRE version: OpenJDK Runtime Environment Corretto-21.0.6.7.1 (21.0.6+7) (build 21.0.6+7-LTS)
# Java VM: OpenJDK 64-Bit Server VM Corretto-21.0.6.7.1 (21.0.6+7-LTS, mixed mode, sharing, tiered, compressed oops, compressed class ptrs, g1 gc, windows-amd64)
GC Precious Log:
 CardTable entry size: 512
 Card Set container configuration: InlinePtr #cards 4 size 8 Array Of Cards #cards 16 size 48 Howl #buckets 8 coarsen threshold 3686 Howl Bitmap #cards 512 size 80 coarsen threshold 460 Card regions per heap region 1 cards per card region 4096
 CPUs: 16 total, 16 available
 Memory: 15790M
 Large Page Support: Disabled
 NUMA Support: Disabled
 Compressed Oops: Enabled (Zero based)
 Heap Region Size: 2M
 Heap Min Capacity: 8M
 Heap Initial Capacity: 248M
 Heap Max Capacity: 3948M
 Pre-touch: Disabled
 Parallel Workers: 13
 Concurrent Workers: 3
 Concurrent Refinement Workers: 13
 Periodic GC: Disabled
Heap:
 garbage-first heap   total 69632K, used 27661K [0x0000000709400000, 0x0000000800000000)
  region size 2048K, 5 young (10240K), 2 survivors (4096K)
 Metaspace       used 23538K, committed 23872K, reserved 1114112K
  class space    used 3215K, committed 3392K, reserved 1048576K
GC Heap History (10 events):
Event: 0.546 GC heap before
{Heap before GC invocations=0 (full 0):
 garbage-first heap   total 253952K, used 20480K [0x0000000709400000, 0x0000000800000000)
  region size 2048K, 11 young (22528K), 0 survivors (0K)
 Metaspace       used 4047K, committed 4224K, reserved 1114112K
  class space    used 402K, committed 448K, reserved 1048576K
}
Event: 0.549 GC heap after
{Heap after GC invocations=1 (full 0):
 garbage-first heap   total 253952K, used 2297K [0x0000000709400000, 0x0000000800000000)
  region size 2048K, 2 young (4096K), 2 survivors (4096K)
 Metaspace       used 4047K, committed 4224K, reserved 1114112K
  class space    used 402K, committed 448K, reserved 1048576K
}
Event: 1.137 GC heap before
{Heap before GC invocations=1 (full 0):
 garbage-first heap   total 253952K, used 41209K [0x0000000709400000, 0x0000000800000000)
  region size 2048K, 22 young (45056K), 2 survivors (4096K)
 Metaspace       used 13146K, committed 13440K, reserved 1114112K
  class space    used 1896K, committed 2048K, reserved 1048576K
}
Event: 1.142 GC heap after
{Heap after GC invocations=2 (full 0):
 garbage-first heap   total 253952K, used 6043K [0x0000000709400000, 0x0000000800000000)
  region size 2048K, 3 young (6144K), 3 survivors (6144K)
 Metaspace       used 13146K, committed 13440K, reserved 1114112K
  class space    used 1896K, committed 2048K, reserved 1048576K
}
Event: 30.132 GC heap before
{Heap before GC invocations=2 (full 0):
 garbage-first heap   total 253952K, used 55195K [0x0000000709400000, 0x0000000800000000)
  region size 2048K, 27 young (55296K), 3 survivors (6144K)
 Metaspace       used 21128K, committed 21504K, reserved 1114112K
  class space    used 2920K, committed 3136K, reserved 1048576K
}
Event: 30.140 GC heap after
{Heap after GC invocations=3 (full 0):
 garbage-first heap   total 253952K, used 15501K [0x0000000709400000, 0x0000000800000000)
  region size 2048K, 5 young (10240K), 5 survivors (10240K)
 Metaspace       used 21128K, committed 21504K, reserved 1114112K
  class space    used 2920K, committed 3136K, reserved 1048576K
}
Event: 179.283 GC heap before
{Heap before GC invocations=4 (full 0):
 garbage-first heap   total 55296K, used 52365K [0x0000000709400000, 0x0000000800000000)
  region size 2048K, 24 young (49152K), 5 survivors (10240K)
 Metaspace       used 23210K, committed 23616K, reserved 1114112K
  class space    used 3214K, committed 3392K, reserved 1048576K
}
Event: 179.291 GC heap after
{Heap after GC invocations=5 (full 0):
 garbage-first heap   total 69632K, used 19971K [0x0000000709400000, 0x0000000800000000)
  region size 2048K, 7 young (14336K), 7 survivors (14336K)
 Metaspace       used 23210K, committed 23616K, reserved 1114112K
  class space    used 3214K, committed 3392K, reserved 1048576K
}
Event: 180.941 GC heap before
{Heap before GC invocations=5 (full 0):
 garbage-first heap   total 69632K, used 48643K [0x0000000709400000, 0x0000000800000000)
  region size 2048K, 20 young (40960K), 7 survivors (14336K)
 Metaspace       used 23533K, committed 23872K, reserved 1114112K
  class space    used 3215K, committed 3392K, reserved 1048576K
}
Event: 180.948 GC heap after
{Heap after GC invocations=6 (full 0):
 garbage-first heap   total 69632K, used 25613K [0x0000000709400000, 0x0000000800000000)
  region size 2048K, 2 young (4096K), 2 survivors (4096K)
 Metaspace       used 23533K, committed 23872K, reserved 1114112K
  class space    used 3215K, committed 3392K, reserved 1048576K
}

